[2018-12-04 13:24:21.152] [exthost1] [info] extension host started
[2018-12-04 13:24:22.499] [exthost1] [info] extension host started
[2018-12-04 13:24:22.591] [exthost1] [info] ExtensionService#_doActivateExtension vscode.debug-auto-launch {"startup":true,"activationEvent":"*"}
[2018-12-04 13:24:22.592] [exthost1] [info] ExtensionService#loadCommonJSModule c:\Users\DJALLEL\.codemix\engine\resources\app\extensions\debug-auto-launch\out\extension
[2018-12-04 13:24:22.611] [exthost1] [info] ExtensionService#_doActivateExtension vscode.emmet {"startup":true,"activationEvent":"*"}
[2018-12-04 13:24:22.611] [exthost1] [info] ExtensionService#loadCommonJSModule c:\Users\DJALLEL\.codemix\engine\resources\app\extensions\emmet\dist\extension
[2018-12-04 13:24:22.732] [exthost1] [info] ExtensionService#_doActivateExtension vscode.merge-conflict {"startup":true,"activationEvent":"*"}
[2018-12-04 13:24:22.732] [exthost1] [info] ExtensionService#loadCommonJSModule c:\Users\DJALLEL\.codemix\engine\resources\app\extensions\merge-conflict\out\extension
[2018-12-04 13:24:22.775] [exthost1] [info] ExtensionService#_doActivateExtension vscode.search-rg {"startup":true,"activationEvent":"*"}
[2018-12-04 13:24:22.775] [exthost1] [info] ExtensionService#loadCommonJSModule c:\Users\DJALLEL\.codemix\engine\resources\app\extensions\search-rg\out\extension
[2018-12-04 13:24:22.797] [exthost1] [info] ExtensionService#_doActivateExtension christian-kohler.path-intellisense {"startup":true,"activationEvent":"*"}
[2018-12-04 13:24:22.797] [exthost1] [info] ExtensionService#loadCommonJSModule C:\Users\DJALLEL\.codemix\extensions\christian-kohler.path-intellisense-1.4.2\out\src\extension
[2018-12-04 13:24:22.927] [exthost1] [info] ExtensionService#_doActivateExtension dbaeumer.vscode-eslint {"startup":true,"activationEvent":"*"}
[2018-12-04 13:24:22.927] [exthost1] [info] ExtensionService#loadCommonJSModule C:\Users\DJALLEL\.codemix\extensions\dbaeumer.vscode-eslint-1.4.10\client\out\extension
[2018-12-04 13:24:23.920] [exthost1] [info] ExtensionService#_doActivateExtension formulahendry.auto-close-tag {"startup":true,"activationEvent":"*"}
[2018-12-04 13:24:23.921] [exthost1] [info] ExtensionService#loadCommonJSModule C:\Users\DJALLEL\.codemix\extensions\formulahendry.auto-close-tag-0.5.6\out\src\extension
[2018-12-04 13:24:23.944] [exthost1] [info] ExtensionService#_doActivateExtension HookyQR.beautify {"startup":true,"activationEvent":"*"}
[2018-12-04 13:24:23.944] [exthost1] [info] ExtensionService#loadCommonJSModule C:\Users\DJALLEL\.codemix\extensions\hookyqr.beautify-1.3.0\extension
[2018-12-04 13:24:24.441] [exthost1] [info] ExtensionService#_doActivateExtension Zignd.html-css-class-completion {"startup":true,"activationEvent":"*"}
[2018-12-04 13:24:24.441] [exthost1] [info] ExtensionService#loadCommonJSModule C:\Users\DJALLEL\.codemix\extensions\zignd.html-css-class-completion-1.17.1\out\src\extension
[2018-12-04 13:24:31.862] [exthost1] [info] eager extensions activated
[2018-12-04 13:24:31.863] [exthost1] [info] ExtensionService#_doActivateExtension vscode.grunt {"startup":false,"activationEvent":"onCommand:workbench.action.tasks.runTask"}
[2018-12-04 13:24:31.863] [exthost1] [info] ExtensionService#loadCommonJSModule c:\Users\DJALLEL\.codemix\engine\resources\app\extensions\grunt\out\main
[2018-12-04 13:24:31.953] [exthost1] [info] ExtensionService#_doActivateExtension vscode.gulp {"startup":false,"activationEvent":"onCommand:workbench.action.tasks.runTask"}
[2018-12-04 13:24:31.953] [exthost1] [info] ExtensionService#loadCommonJSModule c:\Users\DJALLEL\.codemix\engine\resources\app\extensions\gulp\out\main
[2018-12-04 13:24:32.039] [exthost1] [info] ExtensionService#_doActivateExtension vscode.jake {"startup":false,"activationEvent":"onCommand:workbench.action.tasks.runTask"}
[2018-12-04 13:24:32.039] [exthost1] [info] ExtensionService#loadCommonJSModule c:\Users\DJALLEL\.codemix\engine\resources\app\extensions\jake\out\main
[2018-12-04 13:24:32.131] [exthost1] [info] ExtensionService#_doActivateExtension vscode.npm {"startup":false,"activationEvent":"onCommand:workbench.action.tasks.runTask"}
[2018-12-04 13:24:32.131] [exthost1] [info] ExtensionService#loadCommonJSModule c:\Users\DJALLEL\.codemix\engine\resources\app\extensions\npm\out\main
[2018-12-04 13:24:33.015] [exthost1] [info] ExtensionService#_doActivateExtension vscode.typescript-language-features {"startup":false,"activationEvent":"onCommand:workbench.action.tasks.runTask"}
[2018-12-04 13:24:33.015] [exthost1] [info] ExtensionService#loadCommonJSModule c:\Users\DJALLEL\.codemix\engine\resources\app\extensions\typescript-language-features\dist\extension
[2018-12-04 13:24:34.706] [exthost1] [info] ExtensionService#_doActivateExtension vscode.configuration-editing {"startup":false,"activationEvent":"onLanguage:jsonc"}
[2018-12-04 13:24:34.706] [exthost1] [info] ExtensionService#loadCommonJSModule c:\Users\DJALLEL\.codemix\engine\resources\app\extensions\configuration-editing\out\extension
[2018-12-04 13:24:34.911] [exthost1] [info] ExtensionService#_doActivateExtension vscode.json-language-features {"startup":false,"activationEvent":"onLanguage:jsonc"}
[2018-12-04 13:24:34.911] [exthost1] [info] ExtensionService#loadCommonJSModule c:\Users\DJALLEL\.codemix\engine\resources\app\extensions\json-language-features\client\dist\jsonMain
