[2018-12-04 13:24:16.261] [sharedprocess] [info] main {"machineId":"036cef79aaa4e080779d9d97f977d6a85b1430b3b82e8eda7b222000e013dde7"}
[2018-12-04 13:24:16.841] [sharedprocess] [info] Scanned user extensions: 21
[2018-12-04 13:24:17.086] [sharedprocess] [info] Deleted from disk codemix.node-0.9.0
[2018-12-04 13:24:17.086] [sharedprocess] [info] Deleted from disk codemix.typescript-0.9.0
[2018-12-04 13:24:17.086] [sharedprocess] [info] Deleted from disk codemix.web-0.9.1
[2018-12-04 13:24:17.098] [sharedprocess] [info] Deleted from disk codemix.angular-0.9.0
[2018-12-04 13:24:17.100] [sharedprocess] [info] Scanned system extensions: 72
[2018-12-04 13:24:18.574] [sharedprocess] [info] Scanned user extensions: 21
[2018-12-04 13:24:18.582] [sharedprocess] [info] Scanned user extensions: 21
[2018-12-04 13:24:18.684] [sharedprocess] [info] Scanned system extensions: 72
[2018-12-04 13:24:21.551] [sharedprocess] [info] Scanned user extensions: 21
[2018-12-04 13:24:21.642] [sharedprocess] [info] Scanned system extensions: 72
[2018-12-04 13:24:22.113] [sharedprocess] [info] Scanned user extensions: 21
[2018-12-04 13:24:56.363] [sharedprocess] [info] Starting to clean up unused language packs.
[2018-12-04 13:29:22.436] [sharedprocess] [info] Scanned user extensions: 21
[2018-12-04 13:34:23.048] [sharedprocess] [info] Scanned user extensions: 21
[2018-12-04 13:39:23.647] [sharedprocess] [info] Scanned user extensions: 21
[2018-12-04 13:44:23.744] [sharedprocess] [info] Scanned user extensions: 21
[2018-12-04 13:49:23.841] [sharedprocess] [info] Scanned user extensions: 21
[2018-12-04 13:54:24.329] [sharedprocess] [info] Scanned user extensions: 21
[2018-12-04 13:59:24.491] [sharedprocess] [info] Scanned user extensions: 21
[2018-12-04 14:04:24.976] [sharedprocess] [info] Scanned user extensions: 21
[2018-12-04 14:09:25.358] [sharedprocess] [info] Scanned user extensions: 21
[2018-12-04 14:14:26.437] [sharedprocess] [info] Scanned user extensions: 21
[2018-12-04 14:19:27.243] [sharedprocess] [info] Scanned user extensions: 21
[2018-12-04 14:24:27.915] [sharedprocess] [info] Scanned user extensions: 21
[2018-12-04 14:29:28.013] [sharedprocess] [info] Scanned user extensions: 21
[2018-12-04 14:34:28.761] [sharedprocess] [info] Scanned user extensions: 21
[2018-12-04 14:39:28.949] [sharedprocess] [info] Scanned user extensions: 21
[2018-12-04 14:44:29.336] [sharedprocess] [info] Scanned user extensions: 21
[2018-12-04 14:49:29.448] [sharedprocess] [info] Scanned user extensions: 21
[2018-12-04 14:54:30.426] [sharedprocess] [info] Scanned user extensions: 21
[2018-12-04 14:59:30.627] [sharedprocess] [info] Scanned user extensions: 21
[2018-12-04 15:04:30.771] [sharedprocess] [info] Scanned user extensions: 21
[2018-12-04 15:09:30.896] [sharedprocess] [info] Scanned user extensions: 21
[2018-12-04 15:14:31.270] [sharedprocess] [info] Scanned user extensions: 21
[2018-12-04 15:19:31.332] [sharedprocess] [info] Scanned user extensions: 21
[2018-12-04 15:24:31.664] [sharedprocess] [info] Scanned user extensions: 21
[2018-12-04 15:29:31.944] [sharedprocess] [info] Scanned user extensions: 21
[2018-12-04 15:34:32.099] [sharedprocess] [info] Scanned user extensions: 21
[2018-12-04 15:39:32.311] [sharedprocess] [info] Scanned user extensions: 21
[2018-12-04 15:44:32.698] [sharedprocess] [info] Scanned user extensions: 21
[2018-12-04 15:49:32.785] [sharedprocess] [info] Scanned user extensions: 21
[2018-12-04 15:54:34.131] [sharedprocess] [info] Scanned user extensions: 21
[2018-12-04 15:59:34.266] [sharedprocess] [info] Scanned user extensions: 21
[2018-12-04 16:04:34.584] [sharedprocess] [info] Scanned user extensions: 21
[2018-12-04 16:09:34.691] [sharedprocess] [info] Scanned user extensions: 21
[2018-12-04 16:14:35.881] [sharedprocess] [info] Scanned user extensions: 21
[2018-12-04 16:19:36.069] [sharedprocess] [info] Scanned user extensions: 21
[2018-12-04 16:24:36.403] [sharedprocess] [info] Scanned user extensions: 21
[2018-12-04 16:29:36.510] [sharedprocess] [info] Scanned user extensions: 21
[2018-12-04 16:34:36.646] [sharedprocess] [info] Scanned user extensions: 21
[2018-12-04 16:39:38.021] [sharedprocess] [info] Scanned user extensions: 21
[2018-12-04 16:44:38.047] [sharedprocess] [info] Scanned user extensions: 21
[2018-12-04 16:49:38.073] [sharedprocess] [info] Scanned user extensions: 21
[2018-12-04 16:54:38.152] [sharedprocess] [info] Scanned user extensions: 21
[2018-12-04 16:59:38.227] [sharedprocess] [info] Scanned user extensions: 21
[2018-12-04 17:04:38.256] [sharedprocess] [info] Scanned user extensions: 21
[2018-12-04 17:09:38.333] [sharedprocess] [info] Scanned user extensions: 21
[2018-12-04 17:14:38.424] [sharedprocess] [info] Scanned user extensions: 21
[2018-12-04 17:19:38.448] [sharedprocess] [info] Scanned user extensions: 21
[2018-12-04 17:24:38.476] [sharedprocess] [info] Scanned user extensions: 21
[2018-12-04 17:29:38.547] [sharedprocess] [info] Scanned user extensions: 21
[2018-12-04 17:34:38.576] [sharedprocess] [info] Scanned user extensions: 21
[2018-12-04 17:39:38.660] [sharedprocess] [info] Scanned user extensions: 21
[2018-12-04 17:44:38.755] [sharedprocess] [info] Scanned user extensions: 21
[2018-12-04 17:49:38.780] [sharedprocess] [info] Scanned user extensions: 21
[2018-12-04 17:54:38.865] [sharedprocess] [info] Scanned user extensions: 21
[2018-12-04 17:59:38.933] [sharedprocess] [info] Scanned user extensions: 21
[2018-12-04 18:04:38.966] [sharedprocess] [info] Scanned user extensions: 21
[2018-12-04 18:09:39.046] [sharedprocess] [info] Scanned user extensions: 21
[2018-12-04 18:14:39.169] [sharedprocess] [info] Scanned user extensions: 21
[2018-12-04 18:19:39.351] [sharedprocess] [info] Scanned user extensions: 21
[2018-12-04 18:24:39.485] [sharedprocess] [info] Scanned user extensions: 21
[2018-12-04 18:29:39.854] [sharedprocess] [info] Scanned user extensions: 21
[2018-12-04 18:34:39.924] [sharedprocess] [info] Scanned user extensions: 21
[2018-12-04 18:39:40.293] [sharedprocess] [info] Scanned user extensions: 21
[2018-12-04 18:44:40.715] [sharedprocess] [info] Scanned user extensions: 21
[2018-12-04 18:49:40.751] [sharedprocess] [info] Scanned user extensions: 21
[2018-12-04 18:54:40.843] [sharedprocess] [info] Scanned user extensions: 21
[2018-12-04 18:59:40.867] [sharedprocess] [info] Scanned user extensions: 21
[2018-12-04 19:04:41.081] [sharedprocess] [info] Scanned user extensions: 21
[2018-12-04 19:09:41.108] [sharedprocess] [info] Scanned user extensions: 21
[2018-12-04 19:14:41.458] [sharedprocess] [info] Scanned user extensions: 21
[2018-12-04 19:19:41.487] [sharedprocess] [info] Scanned user extensions: 21
[2018-12-04 19:24:41.673] [sharedprocess] [info] Scanned user extensions: 21
[2018-12-04 19:29:41.923] [sharedprocess] [info] Scanned user extensions: 21
[2018-12-04 19:34:42.152] [sharedprocess] [info] Scanned user extensions: 21
[2018-12-04 19:39:42.443] [sharedprocess] [info] Scanned user extensions: 21
[2018-12-04 19:44:42.626] [sharedprocess] [info] Scanned user extensions: 21
[2018-12-04 19:49:43.221] [sharedprocess] [info] Scanned user extensions: 21
[2018-12-04 19:54:43.387] [sharedprocess] [info] Scanned user extensions: 21
[2018-12-04 19:59:43.504] [sharedprocess] [info] Scanned user extensions: 21
[2018-12-04 20:04:43.951] [sharedprocess] [info] Scanned user extensions: 21
[2018-12-04 20:09:48.859] [sharedprocess] [info] Scanned user extensions: 21
[2018-12-04 20:14:51.385] [sharedprocess] [info] Scanned user extensions: 21
[2018-12-04 20:19:52.081] [sharedprocess] [info] Scanned user extensions: 21
[2018-12-04 20:24:52.276] [sharedprocess] [info] Scanned user extensions: 21
[2018-12-04 20:29:52.526] [sharedprocess] [info] Scanned user extensions: 21
[2018-12-04 20:34:52.617] [sharedprocess] [info] Scanned user extensions: 21
[2018-12-04 20:39:55.019] [sharedprocess] [info] Scanned user extensions: 21
[2018-12-04 20:44:55.287] [sharedprocess] [info] Scanned user extensions: 21
[2018-12-04 20:49:55.598] [sharedprocess] [info] Scanned user extensions: 21
[2018-12-04 20:54:55.902] [sharedprocess] [info] Scanned user extensions: 21
[2018-12-04 20:59:56.215] [sharedprocess] [info] Scanned user extensions: 21
[2018-12-04 21:04:57.543] [sharedprocess] [info] Scanned user extensions: 21
[2018-12-04 21:09:58.447] [sharedprocess] [info] Scanned user extensions: 21
[2018-12-04 21:15:11.435] [sharedprocess] [info] Scanned user extensions: 21
[2018-12-04 21:20:14.543] [sharedprocess] [info] Scanned user extensions: 21
